<?xml version="1.0" encoding="UTF-8" ?>
<testsuite failures="1" time="0.052" errors="0" skipped="0" tests="9" name="BinarySearchTreeTest">
  <properties>
    <property name="java.runtime.name" value="Java(TM) SE Runtime Environment"/>
    <property name="sun.boot.library.path" value="c:\program files (x86)\jetbrains\intellij idea 10.5.2\jre\jre\bin"/>
    <property name="java.vm.version" value="17.1-b03"/>
    <property name="java.vm.vendor" value="Sun Microsystems Inc."/>
    <property name="java.vendor.url" value="http://java.sun.com/"/>
    <property name="path.separator" value=";"/>
    <property name="java.vm.name" value="Java HotSpot(TM) Client VM"/>
    <property name="file.encoding.pkg" value="sun.io"/>
    <property name="user.country" value="US"/>
    <property name="sun.java.launcher" value="SUN_STANDARD"/>
    <property name="sun.os.patch.level" value="Service Pack 1"/>
    <property name="java.vm.specification.name" value="Java Virtual Machine Specification"/>
    <property name="user.dir" value="C:\Users\Devon\IdeaProjects\algo\bst-priority-queue"/>
    <property name="java.runtime.version" value="1.6.0_22-b04"/>
    <property name="java.awt.graphicsenv" value="sun.awt.Win32GraphicsEnvironment"/>
    <property name="basedir" value="C:\Users\Devon\IdeaProjects\algo\bst-priority-queue"/>
    <property name="java.endorsed.dirs" value="c:\program files (x86)\jetbrains\intellij idea 10.5.2\jre\jre\lib\endorsed"/>
    <property name="os.arch" value="x86"/>
    <property name="surefire.real.class.path" value="C:\Users\Devon\IdeaProjects\algo\bst-priority-queue\target\surefire\surefirebooter6534169563390171111.jar"/>
    <property name="java.io.tmpdir" value="C:\Users\Devon\AppData\Local\Temp\"/>
    <property name="line.separator" value="
"/>
    <property name="java.vm.specification.vendor" value="Sun Microsystems Inc."/>
    <property name="user.variant" value=""/>
    <property name="os.name" value="Windows 7"/>
    <property name="sun.jnu.encoding" value="Cp1252"/>
    <property name="java.library.path" value="c:\program files (x86)\jetbrains\intellij idea 10.5.2\jre\jre\bin;.;C:\Windows\Sun\Java\bin;C:\Windows\system32;C:\Windows;C:\Program Files (x86)\JetBrains\IntelliJ IDEA 10.5.2\bin\..\.\bin;C:\Windows\system32;C:\Windows;C:\Windows\System32\Wbem;C:\Windows\System32\WindowsPowerShell\v1.0\;C:\Program Files (x86)\Microsoft SQL Server\100\Tools\Binn\;C:\Program Files\Microsoft SQL Server\100\Tools\Binn\;C:\Program Files\Microsoft SQL Server\100\DTS\Binn\;C:\Program Files (x86)\Microsoft SQL Server\100\Tools\Binn\VSShell\Common7\IDE\;C:\Program Files (x86)\Microsoft Visual Studio 9.0\Common7\IDE\PrivateAssemblies\;C:\Program Files (x86)\Microsoft SQL Server\100\DTS\Binn\;C:\Program Files (x86)\Microsoft ASP.NET\ASP.NET Web Pages\v1.0\;C:\Program Files (x86)\Mercurial\;C:\Program Files\TortoiseSVN\bin;C:\Program Files (x86)\Common Files\Acronis\SnapAPI\;C:\Program Files (x86)\Calibre2\;C:\Program Files (x86)\QuickTime\QTSystem\;C:\Program Files\Java\jdk1.6.0_23\bin;C:\Program Files\Java\jdk1.6.0_23;C:\Program Files (x86)\java\jdk1.6.0_25;C:\Program Files (x86)\Git\cmd;C:\Program Files\TortoiseHg\;C:\Program Files (x86)\apache-maven-3.0.3\bin;c:\program files (x86)\jetbrains\intellij idea 10.5.2\jre\jre\bin"/>
    <property name="surefire.test.class.path" value="C:\Users\Devon\IdeaProjects\algo\bst-priority-queue\target\test-classes;C:\Users\Devon\IdeaProjects\algo\bst-priority-queue\target\classes;C:\Users\Devon\.m2\repository\junit\junit\4.8.2\junit-4.8.2.jar;C:\Users\Devon\.m2\repository\edu\neumont\csc252\tree-lib\1.0\tree-lib-1.0.jar;"/>
    <property name="java.specification.name" value="Java Platform API Specification"/>
    <property name="java.class.version" value="50.0"/>
    <property name="sun.management.compiler" value="HotSpot Client Compiler"/>
    <property name="os.version" value="6.1"/>
    <property name="user.home" value="C:\Users\Devon"/>
    <property name="user.timezone" value=""/>
    <property name="java.awt.printerjob" value="sun.awt.windows.WPrinterJob"/>
    <property name="java.specification.version" value="1.6"/>
    <property name="file.encoding" value="Cp1252"/>
    <property name="user.name" value="Devon"/>
    <property name="java.class.path" value="C:\Users\Devon\IdeaProjects\algo\bst-priority-queue\target\test-classes;C:\Users\Devon\IdeaProjects\algo\bst-priority-queue\target\classes;C:\Users\Devon\.m2\repository\junit\junit\4.8.2\junit-4.8.2.jar;C:\Users\Devon\.m2\repository\edu\neumont\csc252\tree-lib\1.0\tree-lib-1.0.jar;"/>
    <property name="java.vm.specification.version" value="1.0"/>
    <property name="sun.arch.data.model" value="32"/>
    <property name="java.home" value="c:\program files (x86)\jetbrains\intellij idea 10.5.2\jre\jre"/>
    <property name="java.specification.vendor" value="Sun Microsystems Inc."/>
    <property name="user.language" value="en"/>
    <property name="awt.toolkit" value="sun.awt.windows.WToolkit"/>
    <property name="java.vm.info" value="mixed mode, sharing"/>
    <property name="java.version" value="1.6.0_22"/>
    <property name="java.ext.dirs" value="c:\program files (x86)\jetbrains\intellij idea 10.5.2\jre\jre\lib\ext;C:\Windows\Sun\Java\lib\ext"/>
    <property name="sun.boot.class.path" value="c:\program files (x86)\jetbrains\intellij idea 10.5.2\jre\jre\lib\resources.jar;c:\program files (x86)\jetbrains\intellij idea 10.5.2\jre\jre\lib\rt.jar;c:\program files (x86)\jetbrains\intellij idea 10.5.2\jre\jre\lib\sunrsasign.jar;c:\program files (x86)\jetbrains\intellij idea 10.5.2\jre\jre\lib\jsse.jar;c:\program files (x86)\jetbrains\intellij idea 10.5.2\jre\jre\lib\jce.jar;c:\program files (x86)\jetbrains\intellij idea 10.5.2\jre\jre\lib\charsets.jar;c:\program files (x86)\jetbrains\intellij idea 10.5.2\jre\jre\classes"/>
    <property name="java.vendor" value="Sun Microsystems Inc."/>
    <property name="localRepository" value="C:\Users\Devon\.m2\repository"/>
    <property name="file.separator" value="\"/>
    <property name="java.vendor.url.bug" value="http://java.sun.com/cgi-bin/bugreport.cgi"/>
    <property name="sun.cpu.endian" value="little"/>
    <property name="sun.io.unicode.encoding" value="UnicodeLittle"/>
    <property name="sun.desktop" value="windows"/>
    <property name="sun.cpu.isalist" value="pentium_pro+mmx pentium_pro pentium+mmx pentium i486 i386 i86"/>
  </properties>
  <testcase time="0.005" classname="BinarySearchTreeTest" name="headTest"/>
  <testcase time="0.002" classname="BinarySearchTreeTest" name="addTest"/>
  <testcase time="0" classname="BinarySearchTreeTest" name="preorderTest"/>
  <testcase time="0" classname="BinarySearchTreeTest" name="inorderTest"/>
  <testcase time="0" classname="BinarySearchTreeTest" name="firstInorderTest"/>
  <testcase time="0" classname="BinarySearchTreeTest" name="lastInorderTest"/>
  <testcase time="0" classname="BinarySearchTreeTest" name="heightTest"/>
  <testcase time="0" classname="BinarySearchTreeTest" name="findTest"/>
  <testcase time="0.004" classname="BinarySearchTreeTest" name="removeTest">
    <failure message="null expected:&lt;3, [14, 15, 17, ]22&gt; but was:&lt;3, []22&gt;" type="junit.framework.ComparisonFailure">junit.framework.ComparisonFailure: null expected:&lt;3, [14, 15, 17, ]22&gt; but was:&lt;3, []22&gt;
	at junit.framework.Assert.assertEquals(Assert.java:81)
	at junit.framework.Assert.assertEquals(Assert.java:87)
	at BinarySearchTreeTest.removeTest(BinarySearchTreeTest.java:170)
	at sun.reflect.NativeMethodAccessorImpl.invoke0(Native Method)
	at sun.reflect.NativeMethodAccessorImpl.invoke(NativeMethodAccessorImpl.java:39)
	at sun.reflect.DelegatingMethodAccessorImpl.invoke(DelegatingMethodAccessorImpl.java:25)
	at java.lang.reflect.Method.invoke(Method.java:597)
	at org.junit.runners.model.FrameworkMethod$1.runReflectiveCall(FrameworkMethod.java:44)
	at org.junit.internal.runners.model.ReflectiveCallable.run(ReflectiveCallable.java:15)
	at org.junit.runners.model.FrameworkMethod.invokeExplosively(FrameworkMethod.java:41)
	at org.junit.internal.runners.statements.InvokeMethod.evaluate(InvokeMethod.java:20)
	at org.junit.runners.BlockJUnit4ClassRunner.runNotIgnored(BlockJUnit4ClassRunner.java:79)
	at org.junit.runners.BlockJUnit4ClassRunner.runChild(BlockJUnit4ClassRunner.java:71)
	at org.junit.runners.BlockJUnit4ClassRunner.runChild(BlockJUnit4ClassRunner.java:49)
	at org.junit.runners.ParentRunner$3.run(ParentRunner.java:193)
	at org.junit.runners.ParentRunner$1.schedule(ParentRunner.java:52)
	at org.junit.runners.ParentRunner.runChildren(ParentRunner.java:191)
	at org.junit.runners.ParentRunner.access$000(ParentRunner.java:42)
	at org.junit.runners.ParentRunner$2.evaluate(ParentRunner.java:184)
	at org.junit.runners.ParentRunner.run(ParentRunner.java:236)
	at org.apache.maven.surefire.junit4.JUnit4TestSet.execute(JUnit4TestSet.java:35)
	at org.apache.maven.surefire.junit4.JUnit4Provider.executeTestSet(JUnit4Provider.java:115)
	at org.apache.maven.surefire.junit4.JUnit4Provider.invoke(JUnit4Provider.java:97)
	at sun.reflect.NativeMethodAccessorImpl.invoke0(Native Method)
	at sun.reflect.NativeMethodAccessorImpl.invoke(NativeMethodAccessorImpl.java:39)
	at sun.reflect.DelegatingMethodAccessorImpl.invoke(DelegatingMethodAccessorImpl.java:25)
	at java.lang.reflect.Method.invoke(Method.java:597)
	at org.apache.maven.surefire.booter.ProviderFactory$ClassLoaderProxy.invoke(ProviderFactory.java:103)
	at $Proxy0.invoke(Unknown Source)
	at org.apache.maven.surefire.booter.SurefireStarter.invokeProvider(SurefireStarter.java:150)
	at org.apache.maven.surefire.booter.SurefireStarter.runSuitesInProcess(SurefireStarter.java:91)
	at org.apache.maven.surefire.booter.ForkedBooter.main(ForkedBooter.java:69)
</failure>
  </testcase>
</testsuite>